-52.731416
-88.135640
-91.123569
-88.002050
-91.756366
-89.218497
-91.073787
-88.309761
-91.936331
-90.968543
-91.038421
-89.164781
-90.859640
-89.642122
-89.649092
-88.581743
-90.628280
-90.867842
-90.233111
-90.111579
-89.354682
-91.055532
-89.810165
-89.943302
-88.760571
-90.711622
-89.667735
-90.446644
-89.611277
-90.478427
-90.285742
-90.072952
-88.755521
-90.158389
-90.178482
-90.241986
-89.595171
-90.274090
-90.613738
-90.247321
-90.209236
-85.026101
-90.380099
-90.287537
-90.311848
-90.024512
-90.484059
-90.260685
-90.221599
-89.877449
-90.081506
-89.544179
-90.071243
-89.946621
-90.078082
-90.021978
-90.015226
-90.089219
-89.983299
-90.221599
-89.831130
-90.349936
-90.045691
-90.190757
-91.094280
-90.256226
-89.867656
-90.159261
-90.092652
-90.189001
-90.440130
-90.182862
-90.226908
-90.188124
-90.275881
-90.154905
-90.114166
-89.933360
-90.407702
-90.387442
-90.348115
-90.133188
-88.879037
-90.282154
-90.373683
-90.102965
-90.240210
-90.223368
-90.359054
-90.234884
-90.324507
-90.320886
-90.366362
-90.048240
-90.086646
-90.202187
-90.901840
-90.155776
-90.086646
-90.236659
-90.183738
-90.114166
-89.858699
-89.700553
-89.678647
-89.398359
-89.391049
-89.353958
-89.282849
-89.330846
-89.191207
-88.937859
-88.997488
-89.361931
-89.281424
-89.342386
-89.471401
-89.610508
-89.636708
-89.632845
-89.635935
-89.739157
-89.563896
-89.527566
-89.435096
-89.280000
-89.217094
-88.780833
-88.105657
-88.784643
-88.770690
-88.741662
-88.420489
-88.134546
-88.259376
-88.142210
-88.055961
-87.614098
-87.960870
-87.974026
-88.016929
-88.252627
-88.196790
-88.450381
-88.553946
-88.538913
-88.655105
-88.749846
-88.757414
-88.955662
-88.951039
-88.913580
-88.941150
-89.018219
-88.964260
-88.814601
-88.722208
-88.640947
-88.564198
-86.554736
-88.456856
-87.735112
-87.587979
-87.436810
-87.325087
-87.152886
-86.781003
-86.451440
-85.866466
-85.457172
-85.182331
-84.510212
-84.150664
-83.905732
-83.440397
-83.690162
-83.570171
-83.504705
-83.501881
-83.476360
-83.702956
-83.511868
-83.435390
-83.567495
-83.375748
-83.248201
-83.225007
-83.058370
-82.992594
-82.628806
-82.285177
-81.970325
-78.598446
-81.101313
-80.534136
-80.090506
-79.765988
-79.456324
-79.349036
-79.056798
-79.189952
-79.229250
-79.248292
-79.354899
-79.413164
-79.687396
-79.841569
-79.977192
-79.991930
-80.183914
-80.404288
-80.330669
-80.648918
-80.308057
-80.417312
-79.811291
-79.967589
-79.829594
-79.651651
-79.521691
-79.447657
-79.406488
-79.678491
-79.612968
-79.331566
-79.906466
-80.276866
-80.639560
-80.626921
-81.052640
-80.954701
-81.209199
-81.480961
-81.479307
-81.751333
-81.731130
-81.971780
-81.914598
-81.904424
-82.153917
-81.907031
-82.163864
-81.734136
-81.567620
-81.401564
-81.085747
-81.147253
-80.833599
-80.917382
-80.782685
-80.414446
-80.657708
-80.638003
-80.433718
-80.683303
-80.377623
-75.965163
-80.849000
-80.889549
-81.194680
-81.449873
-81.717007
-81.851719
-82.220942
-82.315147
-82.837552
-82.774536
-82.983732
-82.909698
-83.253175
-83.263852
-83.495299
-83.494359
-83.477295
-83.376845
-83.554140
-83.310426
-83.143488
-82.848387
-82.226411
-82.551152
-82.329492
-82.055279
-81.911987
-81.940795
-81.779091
-81.741659
-81.794943
-80.945185
-81.969135
-82.058113
-82.147987
-82.503332
-82.547977
-82.811305
-82.989415
-83.426317
-83.133448
-83.476734
-83.611087
-83.683484
-83.862367
-84.001589
-83.865845
-83.952874
-83.962280
-84.027427
-83.904906
-83.313669
-83.943904
-83.845834
-83.655316
-83.664881
-83.628686
-83.471124
-83.354592
-83.207736
-83.302149
-83.210903
-83.302149
-78.104082
-83.752321
-83.725685
-83.933914
-84.260209
-84.516151
-84.805624
-84.982742
-85.217112
-85.643880
-85.717233
-86.157255
-86.288608
-86.573403
-86.644609
-86.863882
-87.007035
-86.908190
-87.013790
-87.032844
-87.103004
-87.218822
-87.514344
-87.684525
-87.588943
-88.023854
-88.107831
-88.387321
-88.545521
-88.819080
-89.168943
-89.280712
-89.545693
-89.388859
-89.522293
-89.498270
-89.372828
-89.166861
-89.048488
-89.007507
-88.322306
-87.825336
-88.094805
-88.086684
-87.748101
-87.713218
-87.574978
-87.519562
-87.374387
-87.352863
-87.278585
-87.468127
-87.435879
-87.533826
-87.725146
-87.688965
-87.477989
-87.776714
-87.860622
-88.044161
-87.869874
-87.978772
-88.026521
-88.073182
-82.533948
-88.129081
-88.083980
-87.982995
-87.863190
-87.812114
-87.753107
-87.610218
-87.122455
-87.117259
-86.179164
-86.805097
-86.886390
-86.597904
-86.464451
-86.362164
-86.105189
-86.099024
-86.090476
-86.189635
-86.437357
-86.583340
-86.790223
-86.915619
-86.892548
-87.361552
-87.641351
-87.669758
-87.698353
-87.959294
-88.031325
-88.116536
-87.655042
-88.276295
-88.444504
-88.387321
-88.430430
-88.427504
-88.636034
-88.535913
-88.093721
-88.376321
-88.328592
-88.291011
-88.256563
-88.306346
-88.062411
-88.305208
-88.433358
-88.283646
-88.138924
-88.077498
-87.916954
-87.786799
-87.604406
-87.574978
-87.177824
-87.490702
-87.464844
-87.363841
-87.186608
-87.294781
-87.342369
-87.087505
-81.469866
-87.223697
-87.213953
-87.165556
-86.980539
-87.229022
-87.122888
-87.257083
-87.108614
-87.390946
-87.685018
-87.586532
-87.698848
-87.690446
-87.767658
-87.908120
-87.946705
-88.122531
-88.280817
-88.379791
-88.613992
-88.677977
-88.678597
-88.583562
-88.631739
-88.899860
-89.085092
-89.154394
-89.076931
-89.310723
-89.399823
-81.227778
-88.686042
-89.505763
-89.531336
-89.676306
-89.487054
-89.625901
-89.774915
-89.735993
-87.980883
-87.920596
-88.374009
-89.278576
-87.578345
-89.124753
-88.458034
-88.614602
-87.739604
-88.328021
-88.888786
-89.119947
-89.656074
-89.045114
-89.094632
-89.212184
-88.723460
-88.817160
-88.947081
-88.976857
-89.085092
-89.399091
-89.494528
-89.777309
-81.906248
-89.763759
-90.361793
-90.460637
-90.438270
-90.730472
-90.643847
-90.958053
-90.532236
-90.967493
-91.115957
-91.083482
-91.190478
-90.871949
-90.828003
-90.954911
-91.040557
-91.104021
-91.137742
-91.360679
-91.322909
-91.161833
-91.060893
-91.266300
-90.877088
-91.348052
-91.325189
-91.361829
-90.982218
-91.065187
-91.252823
-91.408067
-85.984188
-91.017127
-91.166228
-90.887384
-90.852476
-91.143206
-91.257311
-91.247220
-90.937148
-89.947451
-91.056604
-91.072711
-91.035221
-90.950725
-90.553184
-90.339019
-90.160133
-89.948281
-89.888901
-89.622818
-89.770927
-89.635935
-89.458029
-89.305706
-88.983502
-89.236081
-88.815880
-87.777722
-88.401837
-89.391049
-89.473634
-89.883989
-71.269125
-88.288177
-87.585568
-87.821772
-87.945134
-89.097362
-89.068107
-88.009483
-88.181284
-89.238902
-89.205181
-88.562990
-90.729478
-90.613738
-90.034665
-90.502889
-90.202187
-90.188124
-89.617428
-90.023667
-89.988324
-89.866026
-89.776511
-89.893819
-88.836402
-89.705262
-89.595936
-89.686458
-89.310006
-89.471401
-89.391780
-89.222008
-80.791247
-88.954341
-88.958967
-88.473972
-88.498880
-88.506023
-88.352679
-88.327449
-85.018622
-88.204564
-88.165281
-88.042019
-87.903969
-88.005234
-87.842687
-87.870388
-87.896196
-87.926327
-87.903969
-87.889472
-88.081278
-87.819228
-87.982467
-87.883789
-87.135470
-87.856003
-87.878630
-87.680090
-87.573056
-83.814573
-87.765648
-87.789829
-79.213516
-87.679597
-87.622353
-87.613613
-87.506764
-87.524312
-87.812621
-87.695386
-87.025636
-87.870388
-87.687485
-87.888955
-87.848828
-88.069409
-87.895161
-87.964550
-87.724151
-87.838598
-87.776714
-87.785790
-87.413586
-87.522886
-87.286225
-87.240580
-86.498839
-86.218036
-86.019665
-86.088427
-85.495127
-85.333761
-84.936405
-84.663391
-82.051100
-84.336401
-84.405139
-84.456185
-84.484176
-84.971903
-85.158287
-85.443906
-85.263453
-85.618680
-86.129248
-86.144785
-86.454410
-86.664057
-86.751072
-87.074204
-87.313301
-87.774197
-87.839109
-88.118715
-88.181836
-88.433944
-88.406492
-88.503641
-88.198455
-88.592061
-88.694122
-88.634806
-88.476338
-88.607888
-88.514371
-88.578713
-77.470473
-88.301796
-88.216252
-88.142758
-87.906044
-88.012141
-88.095889
-88.244767
-87.589908
-88.523932
-88.330881
-88.896600
-88.968234
-89.312157
-89.359030
-89.583702
-89.597468
-89.851384
-89.966589
-89.977443
-90.014383
-89.997553
-89.780504
-87.987751
-88.632966
-88.920784
-88.620103
-88.479297
-88.275730
-88.191246
-88.274600
-88.265008
-87.682553
-88.371120
-88.623774
-88.371120
-88.269519
-88.240842
-87.946705
-87.703798
-86.941304
-86.955455
-86.657435
-86.287893
-86.176724
-85.745852
-85.272780
-84.918895
-84.546926
-84.257744
-83.921043
-83.720734
-83.542916
-83.448942
-83.327026
-83.547478
-83.658827
-83.996524
-84.231616
-84.722568
-84.775742
-84.998386
-85.161320
-85.486202
-72.065989
-85.489770
-85.885649
-85.871335
-85.642339
-85.803661
-68.681524
-85.604913
-85.197322
-85.311721
-85.180669
-84.980889
-84.737301
-84.219388
-81.692122
-83.616301
-83.243410
-82.951446
-82.634351
-81.811490
-82.407343
-82.168430
-82.098796
-82.095936
-82.291582
-82.243422
-82.626343
-82.591712
-82.669325
-82.296142
-83.085303
-83.098318
-83.162941
-83.663122
-83.436688
-83.501505
-83.573231
-83.325761
-83.617268
-83.235261
-83.142275
-82.575564
-83.476734
-83.222535
-83.150772
-82.977389
-82.738392
-82.509768
-82.307564
-82.106433
-82.061353
-81.578364
-81.743291
-81.761784
-81.733134
-81.604305
-81.891675
-81.707658
-81.987821
-82.175636
-82.250612
-82.515163
-82.585002
-83.006677
-74.535186
-83.413205
-83.620748
-83.965630
-84.195034
-84.379494
-84.687311
-84.659213
-84.949782
-85.078007
-85.206509
-85.187600
-85.193986
-85.261759
-84.913421
-85.137118
-84.672746
-84.793444
-84.329108
-84.532823
-84.908475
-84.185991
-84.320691
-84.268060
-84.144113
-84.212954
-84.073984
-84.399350
-83.964583
-84.148479
-83.813967
-83.649081
-83.452848
-83.105356
-83.132583
-82.485870
-82.646081
-82.192031
-82.157782
-81.702307
-81.539020
-81.750452
-81.385811
-81.730504
-81.593983
-81.656905
-81.725625
-81.951977
-82.479916
-82.703017
-83.456385
-83.637027
-84.288089
-84.546207
-85.088571
-85.601249
-85.500790
-86.032117
-86.051370
-86.510488
-86.503720
-86.522545
-86.626795
-86.493963
-78.633763
-86.316585
-86.394649
-86.287178
-86.282891
-86.545623
-86.483854
-86.885159
-87.185729
-87.673691
-88.122531
-88.474563
-88.951699
-89.257277
-89.565416
-89.547207
-89.615120
-89.642122
-90.055043
-90.221599
-88.711576
-90.562740
-90.704698
-89.782901
-90.789533
-91.009699
-91.037354
-91.109442
-90.835126
-91.099689
-91.131195
-91.105105
-90.724511
-91.095361
-91.073787
-91.042693
-91.016065
-90.993824
-90.902874
-91.021378
-91.006519
-90.752401
-90.760403
-90.964344
-91.056604
-90.898738
-89.753425
-91.328611
-91.253945
-91.225994
-91.079170
-91.119218
-91.160736
-91.314939
-91.364129
-91.180541
-91.302445
-89.164781
-91.494929
-91.545013
-91.606616
-91.548613
-85.518420
-91.340036
-87.278585
-91.048038
-90.676129
-90.691868
-90.735446
-90.499116
-90.885323
-90.808725
-90.891509
-90.708653
-90.887384
-89.785300
-90.121074
-79.271678
-90.706675
-91.628569
-91.592043
-91.631015
-91.252823
-91.135559
-91.791768
-91.581144
-91.669106
-86.841490
-91.585985
-91.304714
-91.352640
-91.638361
-91.583564
-91.817232
-91.715011
-91.853135
-91.082404
-90.986435
-91.711271
-91.553417
-91.631015
-91.661707
-91.404582
-91.519899
-91.559430
-91.674045
-91.429037
-91.633462
-91.667872
-91.760146
-91.605400
-91.628569
-91.660475
-91.569067
-91.731255
-91.590830
-91.541416
-91.213753
-91.727501
-91.661707
-91.664172
-91.408067
-90.962246
-90.841242
-91.189373
-91.157443
-91.575102
-91.590830
