Date of source data    : 2013/08/07
Start & end time       : 08:00:00 - 08:10:00
Second from obs start  : 3554 - 4154
File number of raw data: 29 - 35
Bias subtracted from BG data : 0.500000
Bias subtracted from BG data : 0.500000
no qsun_bg_high.out

Date of source data    : 2021/03/28
Start & end time       : 09:00:00 - 10:00:00
Second from obs start  : 7458 - 11058
File number of raw data: 62 - 93
Bias subtracted from BG data : 0.000000

Date of source data    : 2021/04/07
Start & end time       : 16:00:00 - 17:00:00
Second from obs start  : 33550 - 37150
File number of raw data: 279 - 310
Bias subtracted from BG data : 0.000000

Date of source data    : 2021/04/07
Start & end time       : 15:00:00 - 16:00:00
Second from obs start  : 29950 - 33550
File number of raw data: 249 - 280
Bias subtracted from BG data : 0.000000

Date of source data    : 2021/05/13
Start & end time       : 13:00:00 - 14:00:00
Second from obs start  : 25150 - 28750
File number of raw data: 209 - 240
Bias subtracted from BG data : 0.000000
no qsun_bg_high.out

Date of source data    : 2021/05/16
Start & end time       : 13:00:00 - 14:00:00
Second from obs start  : 25294 - 28894
File number of raw data: 210 - 241
Bias subtracted from BG data : 0.000000

Date of source data    : 2021/08/24
Start & end time       : 15:00:00 - 16:00:00
Second from obs start  : 30733 - 34333
File number of raw data: 256 - 287
Bias subtracted from BG data : 0.000000
no qsun_bg_high.out

Date of source data    : 2021/09/04
Start & end time       : 14:00:00 - 15:00:00
Second from obs start  : 26607 - 30207
File number of raw data: 221 - 252
Bias subtracted from BG data : 0.000000

Date of source data    : 2024/09/08
Start & end time       : 07:30:00 - 08:00:00
Second from obs start  : 3010 - 4810
File number of raw data: 25 - 41
Bias subtracted from BG data : 0.000000

Date of source data    : 2024/09/09
Start & end time       : 13:00:00 - 13:30:00
Second from obs start  : 22746 - 24546
File number of raw data: 189 - 205
Bias subtracted from BG data : 3.000000
no qsun_bg_high.out

Date of source data    : 2024/09/15
Start & end time       : 07:30:00 - 08:30:00
Second from obs start  : 2659 - 6259
File number of raw data: 22 - 53
Bias subtracted from BG data : 3.000000

